Apr 10, 2024 9:35:6PM	71d8b86c-ce45-45c0-9cb2-dd1ebe7fd58a	MulterError: Field name missing	POST	/uploads/multiple	undefined}Apr 10, 2024 9:35:59PM	1d2b5ced-1447-47ae-b33e-012266d4898d	MulterError: Field name missing	POST	/uploads/multiple	undefined}Apr 10, 2024 9:41:12PM	bda2861e-19fa-4dc1-a59e-d04928f55546	MulterError: Unexpected field	POST	/uploads/multiple	undefined}Apr 10, 2024 9:43:17PM	dec4b8f7-059a-42a1-9407-83340667b681	Error: File type not supported	POST	/uploads/multiple	undefined}Apr 10, 2024 9:47:26PM	843ca4d3-e433-4826-b3ab-0b768e886f7c	Error: ENOENT: no such file or directory, open 'F:\Ki-Chai\uploads\multiple\image (18).jpg'	POST	/uploads/multiple	undefined}Apr 10, 2024 11:32:0PM	ef2710f8-d66c-4fef-84a6-8183324b2125	MulterError: Unexpected field	POST	/uploads/multiple	undefined}Apr 10, 2024 11:33:59PM	11e2fcfe-3da6-4695-b7d4-bf8b3598b2cd	MulterError: Unexpected field	POST	/uploads/multiple	undefined}Apr 10, 2024 11:34:51PM	f969959f-c0de-42b4-9479-542f09d29f9e	MulterError: Unexpected field	POST	/uploads/multiple	undefined}Apr 10, 2024 11:37:5PM	1a4d73af-c87f-41a1-9c84-ee2750701795	ReferenceError: StorePostMultipleImageSchema is not defined	POST	/uploads/multiple	undefined}Apr 10, 2024 11:39:14PM	e36202b3-575c-4f3a-9675-47193607944a	TypeError: Cannot read properties of undefined (reading 'length')	POST	/uploads/multiple	undefined}Apr 10, 2024 11:40:35PM	962d72d9-434e-4f85-b67b-624c18a1890d	TypeError: Cannot read properties of undefined (reading 'length')	POST	/uploads/multiple	undefined}Apr 10, 2024 11:48:3PM	29c675fa-1c82-4949-bcc0-8f8d364ad100	TypeError: Cannot read properties of undefined (reading 'length')	POST	/uploads/multiple	undefined}Apr 10, 2024 11:48:50PM	b873ae5c-a874-4b19-9f85-b0c6f2f81eff	TypeError: Cannot read properties of undefined (reading 'length')	POST	/uploads/multiple	undefined}Apr 10, 2024 11:49:53PM	382464a5-9ee2-410f-a739-98b593f8ace3	TypeError: Cannot read properties of undefined (reading 'length')	POST	/uploads/multiple	undefined}Apr 10, 2024 11:50:42PM	89cea3b7-46d2-4bd6-8efd-185eadf4df65	TypeError: Cannot read properties of undefined (reading 'length')	POST	/uploads/multiple	undefined}Apr 10, 2024 11:51:32PM	c81afa08-7486-4a4d-8fdb-769f357f13eb	TypeError: object is not iterable (cannot read property Symbol(Symbol.iterator))	POST	/uploads/multiple	undefined}Apr 10, 2024 11:52:28PM	a6cd9906-f044-4720-a8ea-a581279df40c	TypeError: keyValidator._parse is not a function	POST	/uploads/multiple	undefined}Apr 10, 2024 11:53:32PM	2ed79014-de25-4e82-8e52-a5ffa65346a5	TypeError: keyValidator._parse is not a function	POST	/uploads/multiple	undefined}Apr 11, 2024 12:11:4AM	e96fd313-9f22-4e68-8cf1-f0a6f9f6c90b	ZodError: [
  {
    "code": "invalid_type",
    "expected": "array",
    "received": "undefined",
    "path": [
      "gym_classes"
    ],
    "message": "Required"
  },
  {
    "code": "invalid_type",
    "expected": "array",
    "received": "object",
    "path": [
      "files"
    ],
    "message": "Expected array, received object"
  }
]	POST	/uploads/multiple	undefined}Apr 11, 2024 12:11:43AM	14c06623-fb18-4d8b-a913-315ed03beeda	ZodError: [
  {
    "code": "invalid_type",
    "expected": "array",
    "received": "undefined",
    "path": [
      "gym_classes"
    ],
    "message": "Required"
  },
  {
    "code": "invalid_type",
    "expected": "array",
    "received": "object",
    "path": [
      "files"
    ],
    "message": "Expected array, received object"
  }
]	POST	/uploads/multiple	undefined}Apr 11, 2024 12:14:7AM	f4df448f-ac94-463e-9fc6-07102bb2e5ad	ZodError: [
  {
    "code": "invalid_type",
    "expected": "array",
    "received": "undefined",
    "path": [
      "gym_classes"
    ],
    "message": "Required"
  },
  {
    "code": "invalid_type",
    "expected": "array",
    "received": "object",
    "path": [
      "files"
    ],
    "message": "Expected array, received object"
  }
]	POST	/uploads/multiple	undefined}Apr 11, 2024 12:14:46AM	a6274912-90fc-4963-b5ff-a1baf01e35ae	ZodError: [
  {
    "code": "invalid_type",
    "expected": "array",
    "received": "undefined",
    "path": [
      "gym_classes"
    ],
    "message": "Required"
  }
]	POST	/uploads/multiple	undefined}Apr 11, 2024 12:15:38AM	4fc02f26-1d41-4eb1-94d0-43121217ff22	ZodError: [
  {
    "code": "invalid_type",
    "expected": "array",
    "received": "undefined",
    "path": [
      "gym_classes"
    ],
    "message": "Required"
  }
]	POST	/uploads/multiple	undefined}Apr 11, 2024 12:28:29AM	8527d4d6-108b-4a99-95ec-3ccc8b3ff05f	ZodError: [
  {
    "code": "invalid_type",
    "expected": "array",
    "received": "undefined",
    "path": [
      "gym_classes"
    ],
    "message": "Required"
  }
]	POST	/uploads/multiple	undefined}Apr 11, 2024 12:34:22AM	bf1acd5a-fb34-476c-91ec-69d025c87fc5	MulterError: Unexpected field	POST	/uploads/multiple	undefined}Apr 11, 2024 12:34:56AM	86e7bab0-f763-4548-ab66-9c3ed8680715	MulterError: Unexpected field	POST	/uploads/multiple	undefined}Apr 11, 2024 12:39:11AM	44685e79-1637-4fa1-aca3-433fe72f01a1	MulterError: Unexpected field	POST	/uploads/multiple	undefined}Apr 11, 2024 12:41:15AM	0432ce59-b586-4763-8390-076fe59c760e	ZodError: [
  {
    "code": "invalid_type",
    "expected": "array",
    "received": "undefined",
    "path": [
      "gym_classes"
    ],
    "message": "Required"
  }
]	POST	/uploads/multiple	undefined}Apr 11, 2024 12:41:44AM	10339361-be67-4f62-bc4f-cb33ba9397ab	ZodError: [
  {
    "code": "too_small",
    "minimum": 2,
    "type": "string",
    "inclusive": true,
    "exact": false,
    "message": "String must contain at least 2 character(s)",
    "path": [
      "gym_classes",
      0,
      "name"
    ]
  }
]	POST	/uploads/multiple	undefined}Apr 11, 2024 12:43:37AM	a29d53f3-2a44-40cf-84fb-d30a616e3a7f	ZodError: [
  {
    "code": "invalid_type",
    "expected": "array",
    "received": "object",
    "path": [
      "files"
    ],
    "message": "Expected array, received object"
  }
]	POST	/uploads/multiple	undefined}Apr 11, 2024 12:45:17AM	b51a7e89-88d6-4699-8eeb-99a3215d5486	ZodError: [
  {
    "code": "invalid_type",
    "expected": "array",
    "received": "object",
    "path": [
      "files"
    ],
    "message": "Expected array, received object"
  }
]	POST	/uploads/multiple	undefined}Apr 11, 2024 12:47:20AM	505d4e0d-8511-46cf-886f-16f8b0db43aa	TypeError: z.object(...).min is not a function	POST	/uploads/multiple	undefined}Apr 11, 2024 12:48:6AM	5154493b-8c55-4e11-8f6e-0db7cd735036	ZodError: [
  {
    "code": "invalid_type",
    "expected": "array",
    "received": "undefined",
    "path": [
      "files",
      "gym_classes"
    ],
    "message": "Required"
  }
]	POST	/uploads/multiple	undefined}Apr 11, 2024 12:59:28AM	bb395ff5-11cd-4be5-adb1-2b95abf629a0	TypeError: keyValidator._parse is not a function	POST	/uploads/multiple	undefined}Apr 11, 2024 1:00:0AM	c25285d7-1648-46cc-8c1c-bca32448d2d1	ZodError: [
  {
    "code": "invalid_type",
    "expected": "array",
    "received": "undefined",
    "path": [
      "files",
      "gym_classes"
    ],
    "message": "Required"
  }
]	POST	/uploads/multiple	undefined}Apr 12, 2024 8:12:51PM	262613d1-f04f-4822-b1bd-da7582fef1b5	MulterError: Unexpected field	POST	/uploads/multiple	undefined}Apr 12, 2024 8:13:22PM	4c4cca04-4f20-4cab-a81e-077acd10cdf9	MulterError: Unexpected field	POST	/uploads/multiple	undefined}Apr 12, 2024 8:13:56PM	f497d8ef-98df-4bb2-86ca-615bd5f188b6	MulterError: Unexpected field	POST	/uploads/multiple	undefined}Apr 12, 2024 8:14:6PM	44a2df71-c45d-4737-a1af-19f71824f647	MulterError: Unexpected field	POST	/uploads/multiple	undefined}Apr 12, 2024 8:15:20PM	cebb8f14-1aae-48bc-abcb-5e7164cbccd1	MulterError: Unexpected field	POST	/uploads/multiple	undefined}Apr 12, 2024 8:16:8PM	aaf9bc74-e3ab-410c-a9cf-ac8a448f266f	MulterError: Unexpected field	POST	/uploads/multiple	undefined}Apr 12, 2024 8:16:37PM	78651ed5-0670-426c-94bd-edade8770711	MulterError: Unexpected field	POST	/uploads/multiple	undefined}Apr 12, 2024 9:10:2PM	2f60213c-0137-4334-b9c8-329a454d4b69	Error: Unexpected end of form	POST	/uploads/multiple	undefined}Apr 12, 2024 9:10:49PM	c70dc909-039c-4555-be4e-9643cbf8c8c6	Error: Unexpected end of form	POST	/uploads/multiple	undefined}Apr 12, 2024 9:16:55PM	7df67304-d5e5-4e90-9c74-1f25a2a79a67	Error: Unexpected end of form	POST	/uploads/multiple	undefined}Apr 12, 2024 9:23:30PM	2ccff2ba-5758-47ff-a3c4-c333ef5e1a95	Error: Unexpected end of form	POST	/uploads/multiple	undefined}Apr 12, 2024 9:24:35PM	750712bf-fa61-447f-97ef-3270474e334b	Error: Unexpected end of form	POST	/uploads/multiple	undefined}Apr 12, 2024 9:34:38PM	a4b29a21-d712-4319-9331-f0211ba80135	Error: Unexpected end of form	POST	/uploads/multiple	undefined}Apr 12, 2024 9:35:34PM	9594318f-dc43-4b3a-a5d9-c057d24eb684	Error: Unexpected end of form	POST	/uploads/multiple	undefined}Apr 12, 2024 9:36:1PM	594eb38c-e600-4569-9266-1ea1207a05d5	Error: Unexpected end of form	POST	/uploads/multiple	undefined}Apr 12, 2024 9:36:28PM	d587f5c2-0c89-4b71-9d00-912f5c205b43	Error: Unexpected end of form	POST	/uploads/multiple	undefined}Apr 12, 2024 9:43:33PM	38f7fe95-e4ed-4345-a7f0-8dc0474a76e5	Error: Unexpected end of form	POST	/uploads/multiple	undefined}Apr 12, 2024 9:44:54PM	1d0dd7ed-ab75-4f16-8a21-ea2725d346e5	Error: Unexpected end of form	POST	/uploads/multiple	undefined}Apr 12, 2024 9:51:16PM	8a5bb19f-8934-4511-b0fa-2b2f33245c50	MulterError: Unexpected field	POST	/uploads/multiple	undefined}Apr 12, 2024 9:52:11PM	8868698f-687c-4442-886c-cbfd5d936e8f	ZodError: [
  {
    "code": "invalid_type",
    "expected": "string",
    "received": "array",
    "path": [
      "gym_classes",
      0,
      "name"
    ],
    "message": "Expected string, received array"
  },
  {
    "code": "invalid_type",
    "expected": "array",
    "received": "undefined",
    "path": [
      "files",
      "gym_classes"
    ],
    "message": "Required"
  }
]	POST	/uploads/multiple	undefined}Apr 12, 2024 9:52:45PM	e74f5071-d888-4198-8fc5-3aedd7faa675	MulterError: Unexpected field	POST	/uploads/multiple	undefined}Apr 12, 2024 10:41:59PM	50a91e1c-2f80-49ad-92df-8e082f83d8b1	ZodError: [
  {
    "code": "invalid_type",
    "expected": "string",
    "received": "array",
    "path": [
      "gym_classes",
      0,
      "name"
    ],
    "message": "Expected string, received array"
  },
  {
    "code": "invalid_type",
    "expected": "array",
    "received": "undefined",
    "path": [
      "files",
      "gym_classes"
    ],
    "message": "Required"
  }
]	POST	/uploads/multiple	undefined}Apr 12, 2024 10:57:57PM	01bd0e69-947b-489d-817d-880e7873b700	TypeError: fields.forEach is not a function	POST	/uploads/multiple	undefined}Apr 12, 2024 11:06:42PM	27c07326-f4b7-4bef-943f-2ef68768034c	TypeError: fields.forEach is not a function	POST	/uploads/multiple	undefined}Apr 12, 2024 11:42:24PM	f10740da-353b-41bd-beeb-6c80a1287d83	ZodError: [
  {
    "code": "invalid_type",
    "expected": "string",
    "received": "array",
    "path": [
      "gym_classes",
      0,
      "name"
    ],
    "message": "Expected string, received array"
  },
  {
    "code": "invalid_type",
    "expected": "array",
    "received": "undefined",
    "path": [
      "files",
      "gym_classes"
    ],
    "message": "Required"
  }
]	POST	/uploads/multiple	undefined}Apr 12, 2024 11:43:10PM	c277079c-8b07-49bd-93c6-a914b2b51c2e	ZodError: [
  {
    "code": "invalid_type",
    "expected": "array",
    "received": "undefined",
    "path": [
      "files",
      "gym_classes"
    ],
    "message": "Required"
  }
]	POST	/uploads/multiple	undefined}Apr 12, 2024 11:46:47PM	ada8e850-15ee-4357-ad95-c9141f167b96	ZodError: [
  {
    "code": "invalid_type",
    "expected": "array",
    "received": "undefined",
    "path": [
      "files",
      "gym_classes"
    ],
    "message": "Required"
  }
]	POST	/uploads/multiple	undefined}Apr 12, 2024 11:47:1PM	725b9ef3-0731-49fe-85de-00ad0600c5ee	ZodError: [
  {
    "code": "invalid_type",
    "expected": "array",
    "received": "undefined",
    "path": [
      "files",
      "gym_classes"
    ],
    "message": "Required"
  }
]	POST	/uploads/multiple	undefined}Apr 12, 2024 11:48:48PM	61cc2e0a-ebd2-46c3-a705-7bb7debcf5b6	ZodError: [
  {
    "code": "invalid_type",
    "expected": "array",
    "received": "undefined",
    "path": [
      "files",
      "gym_classes"
    ],
    "message": "Required"
  }
]	POST	/uploads/multiple	undefined}Apr 12, 2024 11:49:21PM	c6c9a4d9-5e23-4cd5-bf3e-0e964757ebab	ZodError: [
  {
    "code": "invalid_type",
    "expected": "array",
    "received": "undefined",
    "path": [
      "files",
      "gym_classes"
    ],
    "message": "Required"
  }
]	POST	/uploads/multiple	undefined}Apr 12, 2024 11:50:10PM	ba818975-cd76-47d3-abf5-a0d46eba93bc	ZodError: [
  {
    "code": "invalid_type",
    "expected": "array",
    "received": "undefined",
    "path": [
      "files",
      "gym_classes"
    ],
    "message": "Required"
  }
]	POST	/uploads/multiple	undefined}Apr 12, 2024 11:51:42PM	b921cb35-8c13-42da-a57b-cc6d074e707a	ZodError: [
  {
    "code": "invalid_type",
    "expected": "array",
    "received": "undefined",
    "path": [
      "files",
      "gym_classes"
    ],
    "message": "Required"
  }
]	POST	/uploads/multiple	undefined}Apr 12, 2024 11:59:2PM	7b7c2a63-fa23-4aa0-b9ec-a7e1a579be0f	ZodError: [
  {
    "code": "invalid_type",
    "expected": "array",
    "received": "undefined",
    "path": [
      "files",
      "gym_classes"
    ],
    "message": "Required"
  }
]	POST	/uploads/multiple	undefined}Apr 13, 2024 12:19:11AM	65fe6625-3bdd-463e-8d97-b590d2ca95b0	ZodError: [
  {
    "code": "invalid_type",
    "expected": "array",
    "received": "undefined",
    "path": [
      "files",
      "gym_classes[1][file]"
    ],
    "message": "Required"
  }
]	POST	/uploads/multiple	undefined}Apr 13, 2024 12:30:49AM	a67749b8-42f7-4383-a1df-91ccf327a834	ZodError: [
  {
    "code": "invalid_type",
    "expected": "object",
    "received": "undefined",
    "path": [
      "files"
    ],
    "message": "Required"
  }
]	POST	/uploads/multiple	undefined}Apr 13, 2024 12:31:21AM	53f4de0f-8839-4604-bf95-f01db1eb0e32	ZodError: [
  {
    "code": "invalid_type",
    "expected": "object",
    "received": "undefined",
    "path": [
      "files"
    ],
    "message": "Required"
  }
]	POST	/uploads/multiple	undefined}Apr 13, 2024 12:47:19AM	824a0001-0c5b-45a5-919a-84ae0e73010d	ZodError: [
  {
    "code": "invalid_type",
    "expected": "object",
    "received": "array",
    "path": [
      "files"
    ],
    "message": "Expected object, received array"
  }
]	POST	/uploads/multiple	undefined}Apr 13, 2024 12:49:57AM	b10d5233-fc25-44fb-8194-ad64a6b3a757	ZodError: [
  {
    "code": "invalid_type",
    "expected": "object",
    "received": "array",
    "path": [
      "files"
    ],
    "message": "Expected object, received array"
  }
]	POST	/uploads/multiple	undefined}Apr 13, 2024 12:56:8AM	cff8eeae-1fe0-4a61-986c-1c88eb671235	ZodError: [
  {
    "code": "invalid_type",
    "expected": "object",
    "received": "array",
    "path": [
      "files"
    ],
    "message": "Expected object, received array"
  }
]	POST	/uploads/multiple	undefined}Apr 13, 2024 12:56:54AM	39584876-8341-41e9-b66b-5d3a90ec418f	ZodError: [
  {
    "code": "invalid_type",
    "expected": "object",
    "received": "undefined",
    "path": [
      "files"
    ],
    "message": "Required"
  }
]	POST	/uploads/multiple	undefined}Apr 13, 2024 12:58:12AM	7badc031-8b8a-4726-b51a-c70d96be8b4a	MulterError: Unexpected field	POST	/uploads/multiple	undefined}Apr 13, 2024 12:59:4AM	6447ff76-37f2-43a1-81b6-6bca2d6c2d23	ZodError: [
  {
    "code": "invalid_type",
    "expected": "array",
    "received": "undefined",
    "path": [
      "files",
      "gym_classes[1][file]"
    ],
    "message": "Required"
  }
]	POST	/uploads/multiple	undefined}Apr 13, 2024 12:59:41AM	94fdc676-c2a4-4848-974e-72c763f61240	MulterError: Unexpected field	POST	/uploads/multiple	undefined}Apr 13, 2024 1:00:48AM	f0394e21-b00e-47fc-9bcb-d8ea0b54b8fd	TypeError: Cannot read properties of undefined (reading 'length')	POST	/uploads/multiple	undefined}Apr 13, 2024 1:04:24AM	1c195e02-a43c-49c4-8872-30bffd655675	ZodError: [
  {
    "code": "invalid_type",
    "expected": "array",
    "received": "undefined",
    "path": [
      "gym_classes"
    ],
    "message": "Required"
  }
]	POST	/uploads/multiple	undefined}Apr 13, 2024 1:05:33AM	acda5bde-4168-405c-b440-a45972ea32d2	ZodError: [
  {
    "code": "invalid_type",
    "expected": "array",
    "received": "undefined",
    "path": [
      "gym_classes"
    ],
    "message": "Required"
  }
]	POST	/uploads/multiple	undefined}Apr 14, 2024 8:16:57PM	fb88d55a-f8a4-42fd-8fce-554861efbbff	ZodError: [
  {
    "code": "too_small",
    "minimum": 2,
    "type": "string",
    "inclusive": true,
    "exact": false,
    "message": "String must contain at least 2 character(s)",
    "path": [
      "gym_classes",
      0,
      "name"
    ]
  },
  {
    "code": "invalid_type",
    "expected": "array",
    "received": "undefined",
    "path": [
      "files",
      "gym_classes[0][file]"
    ],
    "message": "Required"
  }
]	POST	/uploads/multiple	undefined}Apr 14, 2024 8:17:38PM	70337f3f-c8b7-494b-a86c-6a5fbf081a92	ZodError: [
  {
    "code": "too_small",
    "minimum": 2,
    "type": "string",
    "inclusive": true,
    "exact": false,
    "message": "String must contain at least 2 character(s)",
    "path": [
      "gym_classes",
      0,
      "name"
    ]
  },
  {
    "code": "invalid_type",
    "expected": "array",
    "received": "undefined",
    "path": [
      "files",
      "gym_classes[0][file]"
    ],
    "message": "Required"
  }
]	POST	/uploads/multiple	undefined}Apr 14, 2024 8:17:51PM	f51544a7-acd4-4e9d-8502-0731dc673bdf	ZodError: [
  {
    "code": "too_small",
    "minimum": 2,
    "type": "string",
    "inclusive": true,
    "exact": false,
    "message": "String must contain at least 2 character(s)",
    "path": [
      "gym_classes",
      0,
      "name"
    ]
  },
  {
    "code": "invalid_type",
    "expected": "array",
    "received": "undefined",
    "path": [
      "files",
      "gym_classes[0][file]"
    ],
    "message": "Required"
  }
]	POST	/uploads/multiple	undefined}Apr 14, 2024 8:18:17PM	30732f00-07f7-4d8f-9827-becc7499d26c	ZodError: [
  {
    "code": "invalid_type",
    "expected": "array",
    "received": "undefined",
    "path": [
      "gym_classes"
    ],
    "message": "Required"
  }
]	POST	/uploads/multiple	undefined}Apr 14, 2024 8:23:42PM	f6fabd63-3951-4584-820d-61aded1d928a	MulterError: Unexpected field	POST	/uploads/multiple	undefined}Apr 14, 2024 8:24:2PM	a9929c14-28b3-4301-88f1-0662fb6f0dda	MulterError: Unexpected field	POST	/uploads/multiple	undefined}Apr 14, 2024 8:24:50PM	88b941e6-4101-4e57-99c1-f21fcbf103fe	MulterError: Unexpected field	POST	/uploads/multiple	undefined}